<?xml version="1.0" encoding="UTF-8" ?>
<testsuite failures="0" time="30.957" errors="0" skipped="0" tests="4" name="ian.ISAXIndex.ISAXIndexTest">
  <properties>
[...]
</properties>
  <testcase time="3.472" classname="ian.ISAXIndex.ISAXIndexTest" name="testExactKNNwithException"/>
  <testcase time="0.079" classname="ian.ISAXIndex.ISAXIndexTest" name="testApproxKNNwithException"/>
  <testcase time="0.313" classname="ian.ISAXIndex.ISAXIndexTest" name="testExactRangeSearch"/>
  <testcase time="27.093" classname="ian.ISAXIndex.ISAXIndexTest" name="testIterator"/>
</testsuite>