<?xml version="1.0" encoding="UTF-8" ?>
<testsuite failures="0" time="25.567" errors="0" skipped="0" tests="4" name="ian.ISAXIndex.ISAXIndexTest">
  <properties>
[...]
</properties>
  <testcase time="3.18" classname="ian.ISAXIndex.ISAXIndexTest" name="testExactKNNwithException"/>
  <testcase time="0.134" classname="ian.ISAXIndex.ISAXIndexTest" name="testApproxKNNwithException"/>
  <testcase time="0.322" classname="ian.ISAXIndex.ISAXIndexTest" name="testExactRangeSearch"/>
  <testcase time="21.931" classname="ian.ISAXIndex.ISAXIndexTest" name="testIterator"/>
</testsuite>